<?xml version="1.0" encoding="UTF-8"?>
<robot generator="Robot 6.0.2 (Python 3.8.10 on linux)" generated="20230321 11:30:12.879" rpa="false" schemaversion="3">
<suite id="s1" name="Need Help" source="/home/cguzman/Documentos/datos/Privada/alex/repo/talleres/Netflix_RobotFramework/Netflix/specs/need_help.robot">
<test id="s1-t1" name="ask for help" line="8">
<kw name="Given the Netflix login page is open">
<kw name="Given I am in Netflix Login page">
<msg timestamp="20230321 11:30:13.006" level="FAIL">No keyword with name 'Given I am in Netflix Login page' found.</msg>
<status status="FAIL" starttime="20230321 11:30:13.006" endtime="20230321 11:30:13.006"/>
</kw>
<status status="FAIL" starttime="20230321 11:30:13.003" endtime="20230321 11:30:13.006"/>
</kw>
<kw name="When press help link">
<status status="NOT RUN" starttime="20230321 11:30:13.006" endtime="20230321 11:30:13.006"/>
</kw>
<kw name="Then I am in Netflix Login page">
<status status="NOT RUN" starttime="20230321 11:30:13.010" endtime="20230321 11:30:13.010"/>
</kw>
<status status="FAIL" starttime="20230321 11:30:13.002" endtime="20230321 11:30:13.010">No keyword with name 'Given I am in Netflix Login page' found.</status>
</test>
<status status="FAIL" starttime="20230321 11:30:12.879" endtime="20230321 11:30:13.010"/>
</suite>
<statistics>
<total>
<stat pass="0" fail="1" skip="0">All Tests</stat>
</total>
<tag>
</tag>
<suite>
<stat pass="0" fail="1" skip="0" id="s1" name="Need Help">Need Help</stat>
</suite>
</statistics>
<errors>
</errors>
</robot>
